#
# There is insufficient memory for the Java Runtime Environment to continue.
# Native memory allocation (malloc) failed to allocate 995456 bytes for Chunk::new
# Possible reasons:
#   The system is out of physical RAM or swap space
#   In 32 bit mode, the process size limit was hit
# Possible solutions:
#   Reduce memory load on the system
#   Increase physical memory or swap space
#   Check if swap backing store is full
#   Use 64 bit Java on a 64 bit OS
#   Decrease Java heap size (-Xmx/-Xms)
#   Decrease number of Java threads
#   Decrease Java thread stack sizes (-Xss)
#   Set larger code cache with -XX:ReservedCodeCacheSize=
# This output file may be truncated or incomplete.
#
#  Out of Memory Error (allocation.cpp:390), pid=6428, tid=0x000000000000193c
#
# JRE version: OpenJDK Runtime Environment (8.0_152-b02) (build 1.8.0_152-release-1024-b02)
# Java VM: OpenJDK 64-Bit Server VM (25.152-b02 mixed mode windows-amd64 compressed oops)
# Failed to write core dump. Minidumps are not enabled by default on client versions of Windows
#

---------------  T H R E A D  ---------------

Current thread (0x000000001859a000):  JavaThread "C2 CompilerThread0" daemon [_thread_in_native, id=6460, stack(0x0000000019be0000,0x0000000019ce0000)]

Stack: [0x0000000019be0000,0x0000000019ce0000]
[error occurred during error reporting (printing stack bounds), id 0xc0000005]

Native frames: (J=compiled Java code, j=interpreted, Vv=VM code, C=native code)


Current CompileTask:
C2:   3195 1336       4       java.net.URLClassLoader$1::run (5 bytes)


---------------  P R O C E S S  ---------------

Java Threads: ( => current thread )
  0x000000001b699800 JavaThread "File lock request listener" [_thread_in_native, id=1936, stack(0x000000001d2f0000,0x000000001d3f0000)]
  0x000000001b738000 JavaThread "Cache worker for file hash cache (C:\Users\krasm\.gradle\caches\4.4\fileHashes)" [_thread_blocked, id=7020, stack(0x000000001d1f0000,0x000000001d2f0000)]
  0x000000001b52b800 JavaThread "Stdin handler" [_thread_blocked, id=5320, stack(0x000000001cef0000,0x000000001cff0000)]
  0x000000001b52b000 JavaThread "Asynchronous log dispatcher for DefaultDaemonConnection: socket connection from /127.0.0.1:51259 to /127.0.0.1:51260" [_thread_blocked, id=8208, stack(0x000000001cdf0000,0x000000001cef0000)]
  0x000000001b527000 JavaThread "Daemon worker" [_thread_in_vm, id=1364, stack(0x000000001ccf0000,0x000000001cdf0000)]
  0x000000001b526800 JavaThread "Cancel handler" [_thread_blocked, id=2452, stack(0x000000001cbf0000,0x000000001ccf0000)]
  0x000000001b50e800 JavaThread "Handler for socket connection from /127.0.0.1:51259 to /127.0.0.1:51260" [_thread_in_native, id=3008, stack(0x000000001c8f0000,0x000000001c9f0000)]
  0x000000001b50e000 JavaThread "Daemon" [_thread_blocked, id=10932, stack(0x000000001c7f0000,0x000000001c8f0000)]
  0x000000001b505000 JavaThread "Daemon periodic checks" [_thread_blocked, id=5924, stack(0x000000001c6f0000,0x000000001c7f0000)]
  0x000000001b638000 JavaThread "Incoming local TCP Connector on port 51259" [_thread_in_native, id=10868, stack(0x000000001c1f0000,0x000000001c2f0000)]
  0x0000000019de5800 JavaThread "Service Thread" daemon [_thread_blocked, id=5444, stack(0x000000001a2e0000,0x000000001a3e0000)]
  0x0000000019de1000 JavaThread "C1 CompilerThread2" daemon [_thread_in_vm, id=2556, stack(0x000000001a1e0000,0x000000001a2e0000)]
  0x00000000185e8800 JavaThread "C2 CompilerThread1" daemon [_thread_in_native, id=10124, stack(0x0000000019ce0000,0x0000000019de0000)]
=>0x000000001859a000 JavaThread "C2 CompilerThread0" daemon [_thread_in_native, id=6460, stack(0x0000000019be0000,0x0000000019ce0000)]
  0x0000000018599000 JavaThread "Attach Listener" daemon [_thread_blocked, id=6940, stack(0x0000000019ae0000,0x0000000019be0000)]
  0x0000000018597800 JavaThread "Signal Dispatcher" daemon [_thread_blocked, id=896, stack(0x00000000199e0000,0x0000000019ae0000)]
  0x0000000018578000 JavaThread "Finalizer" daemon [_thread_blocked, id=10272, stack(0x00000000197e0000,0x00000000198e0000)]
  0x0000000004c13000 JavaThread "Reference Handler" daemon [_thread_blocked, id=2028, stack(0x00000000196e0000,0x00000000197e0000)]
  0x0000000002dce000 JavaThread "main" [_thread_blocked, id=8216, stack(0x0000000004970000,0x0000000004a70000)]

Other Threads:
  0x0000000018554800 VMThread [stack: 0x00000000195e0000,0x00000000196e0000] [id=11052]
  0x0000000019de7800 WatcherThread [stack: 0x000000001a3e0000,0x000000001a4e0000] [id=7948]

VM state:not at safepoint (normal execution)

VM Mutex/Monitor currently owned by a thread:  ([mutex/lock_event])
[0x0000000004b21150] Compile_lock - owner thread: 0x0000000000000000

Heap:
 PSYoungGen      total 38400K, used 8952K [0x00000000e0000000, 0x00000000e2a80000, 0x0000000100000000)
  eden space 33280K, 11% used [0x00000000e0000000,0x00000000e03bfe90,0x00000000e2080000)
  from space 5120K, 99% used [0x00000000e2080000,0x00000000e257e1b8,0x00000000e2580000)
  to   space 5120K, 0% used [0x00000000e2580000,0x00000000e2580000,0x00000000e2a80000)
 ParOldGen       total 87552K, used 2370K [0x00000000a0000000, 0x00000000a5580000, 0x00000000e0000000)
  object space 87552K, 2% used [0x00000000a0000000,0x00000000a0250920,0x00000000a5580000)
 Metaspace       used 14691K, capacity 15102K, committed 15360K, reserved 1062912K
  class space    used 2062K, capacity 2191K, committed 2304K, reserved 1048576K

Card table byte_map: [0x0000000013fe0000,0x00000000142f0000] byte_map_base: 0x0000000013ae0000

Marking Bits: (ParMarkBitMap*) 0x0000000065f44970
 Begin Bits: [0x00000000148f0000, 0x00000000160f0000)
 End Bits:   [0x00000000160f0000, 0x00000000178f0000)

Polling page: 0x0000000002d60000

CodeCache: size=245760Kb used=4822Kb max_used=4822Kb free=240938Kb
 bounds [0x0000000004c20000, 0x00000000050e0000, 0x0000000013c20000]
 total_blobs=1768 nmethods=1398 adapters=283
 compilation: enabled

Compilation events (10 events):
Event: 3.189 Thread 0x0000000019de1000 nmethod 1389 0x00000000050cd390 code [0x00000000050cd540, 0x00000000050cda38]
Event: 3.189 Thread 0x0000000019de1000 1382       3       java.util.Collections$UnmodifiableRandomAccessList::<init> (6 bytes)
Event: 3.189 Thread 0x0000000019de1000 nmethod 1382 0x00000000050cdcd0 code [0x00000000050cde60, 0x00000000050ce208]
Event: 3.189 Thread 0x0000000019de1000 1383       3       java.util.Collections$UnmodifiableList::<init> (11 bytes)
Event: 3.189 Thread 0x0000000019de1000 nmethod 1383 0x00000000050ce3d0 code [0x00000000050ce540, 0x00000000050ce888]
Event: 3.189 Thread 0x0000000019de1000 1381       3       java.util.Collections::unmodifiableList (27 bytes)
Event: 3.190 Thread 0x0000000019de1000 nmethod 1381 0x00000000050cea10 code [0x00000000050cebe0, 0x00000000050cf438]
Event: 3.190 Thread 0x0000000019de1000 1384       3       java.util.ArrayList::subListRangeCheck (110 bytes)
Event: 3.192 Thread 0x0000000019de1000 nmethod 1384 0x00000000050cf850 code [0x00000000050cfb80, 0x00000000050d14a8]
Event: 3.192 Thread 0x0000000019de1000 1401       3       org.gradle.configuration.DefaultImportsReader$2::processLine (70 bytes)

GC Heap History (6 events):
Event: 1.188 GC heap before
{Heap before GC invocations=1 (full 0):
 PSYoungGen      total 38400K, used 33280K [0x00000000e0000000, 0x00000000e2a80000, 0x0000000100000000)
  eden space 33280K, 100% used [0x00000000e0000000,0x00000000e2080000,0x00000000e2080000)
  from space 5120K, 0% used [0x00000000e2580000,0x00000000e2580000,0x00000000e2a80000)
  to   space 5120K, 0% used [0x00000000e2080000,0x00000000e2080000,0x00000000e2580000)
 ParOldGen       total 87552K, used 0K [0x00000000a0000000, 0x00000000a5580000, 0x00000000e0000000)
  object space 87552K, 0% used [0x00000000a0000000,0x00000000a0000000,0x00000000a5580000)
 Metaspace       used 6898K, capacity 7060K, committed 7424K, reserved 1056768K
  class space    used 843K, capacity 909K, committed 1024K, reserved 1048576K
Event: 1.197 GC heap after
Heap after GC invocations=1 (full 0):
 PSYoungGen      total 38400K, used 4153K [0x00000000e0000000, 0x00000000e2a80000, 0x0000000100000000)
  eden space 33280K, 0% used [0x00000000e0000000,0x00000000e0000000,0x00000000e2080000)
  from space 5120K, 81% used [0x00000000e2080000,0x00000000e248e548,0x00000000e2580000)
  to   space 5120K, 0% used [0x00000000e2580000,0x00000000e2580000,0x00000000e2a80000)
 ParOldGen       total 87552K, used 8K [0x00000000a0000000, 0x00000000a5580000, 0x00000000e0000000)
  object space 87552K, 0% used [0x00000000a0000000,0x00000000a0002000,0x00000000a5580000)
 Metaspace       used 6898K, capacity 7060K, committed 7424K, reserved 1056768K
  class space    used 843K, capacity 909K, committed 1024K, reserved 1048576K
}
Event: 2.409 GC heap before
{Heap before GC invocations=2 (full 0):
 PSYoungGen      total 38400K, used 37433K [0x00000000e0000000, 0x00000000e2a80000, 0x0000000100000000)
  eden space 33280K, 100% used [0x00000000e0000000,0x00000000e2080000,0x00000000e2080000)
  from space 5120K, 81% used [0x00000000e2080000,0x00000000e248e548,0x00000000e2580000)
  to   space 5120K, 0% used [0x00000000e2580000,0x00000000e2580000,0x00000000e2a80000)
 ParOldGen       total 87552K, used 8K [0x00000000a0000000, 0x00000000a5580000, 0x00000000e0000000)
  object space 87552K, 0% used [0x00000000a0000000,0x00000000a0002000,0x00000000a5580000)
 Metaspace       used 11504K, capacity 11742K, committed 11904K, reserved 1058816K
  class space    used 1526K, capacity 1635K, committed 1664K, reserved 1048576K
Event: 2.422 GC heap after
Heap after GC invocations=2 (full 0):
 PSYoungGen      total 38400K, used 5117K [0x00000000e0000000, 0x00000000e2a80000, 0x0000000100000000)
  eden space 33280K, 0% used [0x00000000e0000000,0x00000000e0000000,0x00000000e2080000)
  from space 5120K, 99% used [0x00000000e2580000,0x00000000e2a7f768,0x00000000e2a80000)
  to   space 5120K, 0% used [0x00000000e2080000,0x00000000e2080000,0x00000000e2580000)
 ParOldGen       total 87552K, used 443K [0x00000000a0000000, 0x00000000a5580000, 0x00000000e0000000)
  object space 87552K, 0% used [0x00000000a0000000,0x00000000a006ee90,0x00000000a5580000)
 Metaspace       used 11504K, capacity 11742K, committed 11904K, reserved 1058816K
  class space    used 1526K, capacity 1635K, committed 1664K, reserved 1048576K
}
Event: 3.119 GC heap before
{Heap before GC invocations=3 (full 0):
 PSYoungGen      total 38400K, used 38397K [0x00000000e0000000, 0x00000000e2a80000, 0x0000000100000000)
  eden space 33280K, 100% used [0x00000000e0000000,0x00000000e2080000,0x00000000e2080000)
  from space 5120K, 99% used [0x00000000e2580000,0x00000000e2a7f768,0x00000000e2a80000)
  to   space 5120K, 0% used [0x00000000e2080000,0x00000000e2080000,0x00000000e2580000)
 ParOldGen       total 87552K, used 443K [0x00000000a0000000, 0x00000000a5580000, 0x00000000e0000000)
  object space 87552K, 0% used [0x00000000a0000000,0x00000000a006ee90,0x00000000a5580000)
 Metaspace       used 14401K, capacity 14718K, committed 14976K, reserved 1062912K
  class space    used 2016K, capacity 2127K, committed 2176K, reserved 1048576K
Event: 3.129 GC heap after
Heap after GC invocations=3 (full 0):
 PSYoungGen      total 38400K, used 5112K [0x00000000e0000000, 0x00000000e2a80000, 0x0000000100000000)
  eden space 33280K, 0% used [0x00000000e0000000,0x00000000e0000000,0x00000000e2080000)
  from space 5120K, 99% used [0x00000000e2080000,0x00000000e257e1b8,0x00000000e2580000)
  to   space 5120K, 0% used [0x00000000e2580000,0x00000000e2580000,0x00000000e2a80000)
 ParOldGen       total 87552K, used 2370K [0x00000000a0000000, 0x00000000a5580000, 0x00000000e0000000)
  object space 87552K, 2% used [0x00000000a0000000,0x00000000a0250920,0x00000000a5580000)
 Metaspace       used 14401K, capacity 14718K, committed 14976K, reserved 1062912K
  class space    used 2016K, capacity 2127K, committed 2176K, reserved 1048576K
}

Deoptimization events (10 events):
Event: 1.674 Thread 0x0000000002dce000 Uncommon trap: reason=bimorphic action=maybe_recompile pc=0x0000000004f58058 method=java.util.HashMap.putVal(ILjava/lang/Object;Ljava/lang/Object;ZZ)Ljava/lang/Object; @ 203
Event: 1.824 Thread 0x0000000002dce000 Uncommon trap: reason=unstable_if action=reinterpret pc=0x0000000004ef989c method=java.io.WinNTFileSystem.normalize(Ljava/lang/String;)Ljava/lang/String; @ 128
Event: 1.824 Thread 0x0000000002dce000 Uncommon trap: reason=unstable_if action=reinterpret pc=0x0000000004f41704 method=java.io.WinNTFileSystem.normalize(Ljava/lang/String;II)Ljava/lang/String; @ 90
Event: 2.403 Thread 0x000000001b50e800 Uncommon trap: reason=unstable_if action=reinterpret pc=0x0000000004fad360 method=java.util.concurrent.ConcurrentHashMap.putVal(Ljava/lang/Object;Ljava/lang/Object;Z)Ljava/lang/Object; @ 206
Event: 2.627 Thread 0x000000001b527000 Uncommon trap: reason=bimorphic action=maybe_recompile pc=0x0000000004f572cc method=java.util.HashMap.putVal(ILjava/lang/Object;Ljava/lang/Object;ZZ)Ljava/lang/Object; @ 253
Event: 2.628 Thread 0x000000001b527000 Uncommon trap: reason=bimorphic action=maybe_recompile pc=0x0000000004f572cc method=java.util.HashMap.putVal(ILjava/lang/Object;Ljava/lang/Object;ZZ)Ljava/lang/Object; @ 253
Event: 2.628 Thread 0x000000001b527000 Uncommon trap: reason=bimorphic action=maybe_recompile pc=0x0000000004f572cc method=java.util.HashMap.putVal(ILjava/lang/Object;Ljava/lang/Object;ZZ)Ljava/lang/Object; @ 253
Event: 2.653 Thread 0x000000001b527000 Uncommon trap: reason=class_check action=maybe_recompile pc=0x0000000004e9969c method=java.util.regex.Matcher.match(II)Z @ 86
Event: 3.043 Thread 0x000000001b527000 Uncommon trap: reason=class_check action=maybe_recompile pc=0x0000000004e9969c method=java.util.regex.Matcher.match(II)Z @ 86
Event: 3.135 Thread 0x000000001b527000 Uncommon trap: reason=unstable_if action=reinterpret pc=0x0000000005085674 method=java.lang.String.lastIndexOf([CII[CIII)I @ 66

Classes redefined (0 events):
No events

Internal exceptions (10 events):
Event: 2.461 Thread 0x000000001b50e800 Exception <a 'java/lang/NoSuchMethodError': <clinit>> (0x00000000e0093a10) thrown at [D:\src\AOSP-openjdk-cygwin\jdk8u\hotspot\src\share\vm\prims\jni.cpp, line 1613]
Event: 2.462 Thread 0x000000001b50e800 Exception <a 'java/lang/NoSuchMethodError': <clinit>> (0x00000000e009c4d8) thrown at [D:\src\AOSP-openjdk-cygwin\jdk8u\hotspot\src\share\vm\prims\jni.cpp, line 1613]
Event: 2.467 Thread 0x000000001b50e800 Exception <a 'java/lang/NoSuchMethodError': <clinit>> (0x00000000e00ae000) thrown at [D:\src\AOSP-openjdk-cygwin\jdk8u\hotspot\src\share\vm\prims\jni.cpp, line 1613]
Event: 2.504 Thread 0x000000001b50e800 Exception <a 'java/lang/NoSuchMethodError': <clinit>> (0x00000000e01492f8) thrown at [D:\src\AOSP-openjdk-cygwin\jdk8u\hotspot\src\share\vm\prims\jni.cpp, line 1613]
Event: 2.509 Thread 0x000000001b50e800 Exception <a 'java/lang/NoSuchMethodError': <clinit>> (0x00000000e016cca8) thrown at [D:\src\AOSP-openjdk-cygwin\jdk8u\hotspot\src\share\vm\prims\jni.cpp, line 1613]
Event: 2.517 Thread 0x000000001b50e800 Exception <a 'java/lang/NoSuchMethodError': <clinit>> (0x00000000e0196d60) thrown at [D:\src\AOSP-openjdk-cygwin\jdk8u\hotspot\src\share\vm\prims\jni.cpp, line 1613]
Event: 2.544 Thread 0x000000001b50e800 Exception <a 'java/lang/NoSuchMethodError': <clinit>> (0x00000000e01a48f0) thrown at [D:\src\AOSP-openjdk-cygwin\jdk8u\hotspot\src\share\vm\prims\jni.cpp, line 1613]
Event: 2.551 Thread 0x000000001b50e800 Exception <a 'java/lang/NoSuchMethodError': <clinit>> (0x00000000e01c8ad0) thrown at [D:\src\AOSP-openjdk-cygwin\jdk8u\hotspot\src\share\vm\prims\jni.cpp, line 1613]
Event: 2.607 Thread 0x000000001b527000 Exception <a 'java/lang/NoSuchMethodError': <clinit>> (0x00000000e033bdc8) thrown at [D:\src\AOSP-openjdk-cygwin\jdk8u\hotspot\src\share\vm\prims\jni.cpp, line 1613]
Event: 2.609 Thread 0x000000001b527000 Exception <a 'java/lang/NoSuchMethodError': <clinit>> (0x00000000e0344050) thrown at [D:\src\AOSP-openjdk-cygwin\jdk8u\hotspot\src\share\vm\prims\jni.cpp, line 1613]

Events (10 events):
Event: 3.169 loading class com/google/common/base/AbstractIterator$State
Event: 3.169 loading class com/google/common/base/AbstractIterator$State done
Event: 3.169 loading class com/google/common/base/AbstractIterator$1
Event: 3.169 loading class com/google/common/base/AbstractIterator$1 done
Event: 3.188 loading class com/google/common/collect/RegularImmutableMap$EntrySet
Event: 3.188 loading class com/google/common/collect/RegularImmutableMap$EntrySet done
Event: 3.189 loading class com/google/common/collect/ImmutableMapEntrySet
Event: 3.189 loading class com/google/common/collect/ImmutableMapEntrySet done
Event: 3.189 loading class com/google/common/collect/RegularImmutableMap$NonTerminalMapEntry
Event: 3.189 loading class com/google/common/collect/RegularImmutableMap$NonTerminalMapEntry done


Dynamic libraries:
0x00007ff780b80000 - 0x00007ff780bb1000 	C:\Program Files\Android\Android Studio\jre\bin\java.exe
0x00007ff9f6410000 - 0x00007ff9f65f0000 	C:\WINDOWS\SYSTEM32\ntdll.dll
0x00007ff9f51c0000 - 0x00007ff9f526e000 	C:\WINDOWS\System32\KERNEL32.DLL
0x00007ff9f29e0000 - 0x00007ff9f2c46000 	C:\WINDOWS\System32\KERNELBASE.dll
0x00007ff9f4f90000 - 0x00007ff9f5031000 	C:\WINDOWS\System32\ADVAPI32.dll
0x00007ff9f55a0000 - 0x00007ff9f563d000 	C:\WINDOWS\System32\msvcrt.dll
0x00007ff9f5d50000 - 0x00007ff9f5dab000 	C:\WINDOWS\System32\sechost.dll
0x00007ff9f5fb0000 - 0x00007ff9f60cf000 	C:\WINDOWS\System32\RPCRT4.dll
0x00007ff9f5e20000 - 0x00007ff9f5faf000 	C:\WINDOWS\System32\USER32.dll
0x00007ff9f28c0000 - 0x00007ff9f28e0000 	C:\WINDOWS\System32\win32u.dll
0x00007ff9f38e0000 - 0x00007ff9f3908000 	C:\WINDOWS\System32\GDI32.dll
0x00007ff9f2f20000 - 0x00007ff9f30b3000 	C:\WINDOWS\System32\gdi32full.dll
0x00007ff9f2c50000 - 0x00007ff9f2ceb000 	C:\WINDOWS\System32\msvcp_win.dll
0x00007ff9f28e0000 - 0x00007ff9f29d6000 	C:\WINDOWS\System32\ucrtbase.dll
0x00007ff9e6630000 - 0x00007ff9e6899000 	C:\WINDOWS\WinSxS\amd64_microsoft.windows.common-controls_6595b64144ccf1df_6.0.16299.371_none_15c7d1789365a290\COMCTL32.dll
0x00007ff9f60d0000 - 0x00007ff9f63d8000 	C:\WINDOWS\System32\combase.dll
0x00007ff9f30c0000 - 0x00007ff9f3132000 	C:\WINDOWS\System32\bcryptPrimitives.dll
0x00007ff9f5040000 - 0x00007ff9f506d000 	C:\WINDOWS\System32\IMM32.DLL
0x00000000656a0000 - 0x0000000065772000 	C:\Program Files\Android\Android Studio\jre\jre\bin\msvcr100.dll
0x0000000065780000 - 0x0000000065fbf000 	C:\Program Files\Android\Android Studio\jre\jre\bin\server\jvm.dll
0x00007ff9f4f80000 - 0x00007ff9f4f88000 	C:\WINDOWS\System32\PSAPI.DLL
0x00007ff9eefa0000 - 0x00007ff9eefc3000 	C:\WINDOWS\SYSTEM32\WINMM.dll
0x00007ff9dbff0000 - 0x00007ff9dbff9000 	C:\WINDOWS\SYSTEM32\WSOCK32.dll
0x00007ff9f3970000 - 0x00007ff9f39dc000 	C:\WINDOWS\System32\WS2_32.dll
0x00007ff9eb4c0000 - 0x00007ff9eb4ca000 	C:\WINDOWS\SYSTEM32\VERSION.dll
0x00007ff9eef20000 - 0x00007ff9eef4a000 	C:\WINDOWS\SYSTEM32\WINMMBASE.dll
0x00007ff9f3140000 - 0x00007ff9f318a000 	C:\WINDOWS\System32\cfgmgr32.dll
0x00007ff9daca0000 - 0x00007ff9dacaf000 	C:\Program Files\Android\Android Studio\jre\jre\bin\verify.dll
0x00007ff9c45f0000 - 0x00007ff9c4619000 	C:\Program Files\Android\Android Studio\jre\jre\bin\java.dll
0x00007ff9cded0000 - 0x00007ff9cdee6000 	C:\Program Files\Android\Android Studio\jre\jre\bin\zip.dll
0x00007ff9f39e0000 - 0x00007ff9f4e16000 	C:\WINDOWS\System32\SHELL32.dll
0x00007ff9f5a90000 - 0x00007ff9f5b36000 	C:\WINDOWS\System32\shcore.dll
0x00007ff9f3190000 - 0x00007ff9f38d7000 	C:\WINDOWS\System32\windows.storage.dll
0x00007ff9f3910000 - 0x00007ff9f3961000 	C:\WINDOWS\System32\shlwapi.dll
0x00007ff9f27a0000 - 0x00007ff9f27b1000 	C:\WINDOWS\System32\kernel.appcore.dll
0x00007ff9f27c0000 - 0x00007ff9f280c000 	C:\WINDOWS\System32\powrprof.dll
0x00007ff9f2780000 - 0x00007ff9f279b000 	C:\WINDOWS\System32\profapi.dll
0x00007ff9c4790000 - 0x00007ff9c47aa000 	C:\Program Files\Android\Android Studio\jre\jre\bin\net.dll
0x00007ff9f1ff0000 - 0x00007ff9f2056000 	C:\WINDOWS\system32\mswsock.dll
0x00007ff9c1920000 - 0x00007ff9c1931000 	C:\Program Files\Android\Android Studio\jre\jre\bin\nio.dll
0x00007ff9bfa00000 - 0x00007ff9bfa1e000 	C:\Users\krasm\.gradle\native\25\windows-amd64\native-platform.dll
0x00007ff9d0940000 - 0x00007ff9d094d000 	C:\Program Files\Android\Android Studio\jre\jre\bin\management.dll
0x00007ff9f21b0000 - 0x00007ff9f21c7000 	C:\WINDOWS\SYSTEM32\CRYPTSP.dll
0x00007ff9f1bf0000 - 0x00007ff9f1c23000 	C:\WINDOWS\system32\rsaenh.dll
0x00007ff9f22c0000 - 0x00007ff9f22e5000 	C:\WINDOWS\SYSTEM32\bcrypt.dll
0x00007ff9f2690000 - 0x00007ff9f26b9000 	C:\WINDOWS\SYSTEM32\USERENV.dll
0x00007ff9f21d0000 - 0x00007ff9f21db000 	C:\WINDOWS\SYSTEM32\CRYPTBASE.dll
0x00007ff9f1d80000 - 0x00007ff9f1db9000 	C:\WINDOWS\SYSTEM32\IPHLPAPI.DLL
0x00007ff9f4ef0000 - 0x00007ff9f4ef8000 	C:\WINDOWS\System32\NSI.dll
0x00007ff9eb9c0000 - 0x00007ff9eb9d6000 	C:\WINDOWS\SYSTEM32\dhcpcsvc6.DLL
0x00007ff9ebb60000 - 0x00007ff9ebb7a000 	C:\WINDOWS\SYSTEM32\dhcpcsvc.DLL

VM Arguments:
jvm_args: -Xmx1536m -Dfile.encoding=windows-1251 -Duser.country=RU -Duser.language=ru -Duser.variant 
java_command: org.gradle.launcher.daemon.bootstrap.GradleDaemon 4.4
java_class_path (initial): C:\Users\krasm\.gradle\wrapper\dists\gradle-4.4-all\9br9xq1tocpiv8o6njlyu5op1\gradle-4.4\lib\gradle-launcher-4.4.jar
Launcher Type: SUN_STANDARD

Environment Variables:
PATH=C:\ProgramData\Oracle\Java\javapath;C:\Oracle\product\11.2.0\dbhome_1\bin;C:\Windows\system32;C:\Windows;C:\Windows\System32\Wbem;C:\Windows\System32\WindowsPowerShell\v1.0\;C:\Program Files (x86)\NVIDIA Corporation\PhysX\Common;C:\Program Files\Intel\WiFi\bin\;C:\Program Files\Common Files\Intel\WirelessCommon\;C:\Program Files\dotnet\;C:\Program Files\Git\cmd;C:\Program Files (x86)\Common Files\Acronis\SnapAPI\;C:\WINDOWS\system32;C:\WINDOWS;C:\WINDOWS\System32\Wbem;C:\WINDOWS\System32\WindowsPowerShell\v1.0\;C:\Program Files\Microsoft SQL Server\Client SDK\ODBC\130\Tools\Binn\;C:\Program Files (x86)\Microsoft SQL Server\140\Tools\Binn\;C:\Program Files\Microsoft SQL Server\140\Tools\Binn\;C:\Program Files\Microsoft SQL Server\140\DTS\Binn\;C:\Program Files (x86)\Microsoft SQL Server\Client SDK\ODBC\130\Tools\Binn\;C:\Program Files (x86)\Microsoft SQL Server\140\DTS\Binn\;C:\Program Files (x86)\Microsoft SQL Server\140\Tools\Binn\ManagementStudio\;%HADOOP_HOME%\bin;%SPARK_HOME%\bin;C:\Users\krasm\AppData\Local\Programs\Python\Python36-32\Scripts\;C:\Users\krasm\AppData\Local\Programs\Python\Python36-32\;C:\Users\krasm\AppData\Local\Microsoft\WindowsApps;C:\Program Files\Intel\WiFi\bin\;C:\Program Files\Common Files\Intel\WirelessCommon\;C:\Program Files\Heroku\bin;C:\Users\krasm\AppData\Local\Microsoft\WindowsApps;
USERNAME=krasm
OS=Windows_NT
PROCESSOR_IDENTIFIER=Intel64 Family 6 Model 78 Stepping 3, GenuineIntel



---------------  S Y S T E M  ---------------

OS: Windows 10.0 , 64 bit Build 16299 (10.0.16299.15)

CPU:total 4 (initial active 4) (2 cores per cpu, 2 threads per core) family 6 model 78 stepping 3, cmov, cx8, fxsr, mmx, sse, sse2, sse3, ssse3, sse4.1, sse4.2, popcnt, avx, avx2, aes, clmul, erms, 3dnowpref, lzcnt, ht, tsc, tscinvbit, bmi1, bmi2, adx

Memory: 4k page, physical 8259484k(2147180k free), swap 8259484k(5436k free)

vm_info: OpenJDK 64-Bit Server VM (25.152-b02) for windows-amd64 JRE (1.8.0_152-release-1024-b02), built by "builder" with MS VC++ 10.0 (VS2010)

time: Sat Apr 21 08:13:44 2018
elapsed time: 3 seconds (0d 0h 0m 3s)

