#
# There is insufficient memory for the Java Runtime Environment to continue.
# Native memory allocation (malloc) failed to allocate 379216 bytes for Chunk::new
# Possible reasons:
#   The system is out of physical RAM or swap space
#   In 32 bit mode, the process size limit was hit
# Possible solutions:
#   Reduce memory load on the system
#   Increase physical memory or swap space
#   Check if swap backing store is full
#   Use 64 bit Java on a 64 bit OS
#   Decrease Java heap size (-Xmx/-Xms)
#   Decrease number of Java threads
#   Decrease Java thread stack sizes (-Xss)
#   Set larger code cache with -XX:ReservedCodeCacheSize=
# This output file may be truncated or incomplete.
#
#  Out of Memory Error (allocation.cpp:390), pid=1140, tid=0x000000000000061c
#
# JRE version: OpenJDK Runtime Environment (8.0_152-b02) (build 1.8.0_152-release-1024-b02)
# Java VM: OpenJDK 64-Bit Server VM (25.152-b02 mixed mode windows-amd64 compressed oops)
# Failed to write core dump. Minidumps are not enabled by default on client versions of Windows
#

---------------  T H R E A D  ---------------

Current thread (0x00000000187cc000):  JavaThread "C2 CompilerThread1" daemon [_thread_in_native, id=1564, stack(0x0000000019ed0000,0x0000000019fd0000)]

Stack: [0x0000000019ed0000,0x0000000019fd0000]
[error occurred during error reporting (printing stack bounds), id 0xc0000005]

Native frames: (J=compiled Java code, j=interpreted, Vv=VM code, C=native code)


Current CompileTask:
C2:  15050 3967  s    4       java.util.jar.JarFile::getInputStream (89 bytes)


---------------  P R O C E S S  ---------------

Java Threads: ( => current thread )
  0x0000000021694800 JavaThread "build operations Thread 4" [_thread_blocked, id=7020, stack(0x0000000023e80000,0x0000000023f80000)]
  0x0000000021695000 JavaThread "build operations Thread 3" [_thread_blocked, id=4496, stack(0x0000000023d80000,0x0000000023e80000)]
  0x0000000021696800 JavaThread "build operations Thread 2" [_thread_blocked, id=5320, stack(0x0000000023c80000,0x0000000023d80000)]
  0x0000000021693800 JavaThread "build operations" [_thread_blocked, id=1936, stack(0x00000000232b0000,0x00000000233b0000)]
  0x0000000021693000 JavaThread "Cache worker for Artifact transforms cache (C:\Users\krasm\.gradle\caches\transforms-1)" [_thread_blocked, id=8208, stack(0x000000001fb80000,0x000000001fc80000)]
  0x000000001bb7e800 JavaThread "Cache worker for file hash cache (C:\Users\krasm\AndroidStudioProjects\RSA\.gradle\4.4\fileHashes)" [_thread_blocked, id=3420, stack(0x000000001e6b0000,0x000000001e7b0000)]
  0x000000001ba77800 JavaThread "File lock request listener" [_thread_in_native, id=1364, stack(0x000000001e5b0000,0x000000001e6b0000)]
  0x000000001bb41800 JavaThread "Cache worker for file hash cache (C:\Users\krasm\.gradle\caches\4.4\fileHashes)" [_thread_blocked, id=2452, stack(0x000000001e4b0000,0x000000001e5b0000)]
  0x000000001b791000 JavaThread "Stdin handler" [_thread_blocked, id=3008, stack(0x000000001d1e0000,0x000000001d2e0000)]
  0x000000001b78f800 JavaThread "Asynchronous log dispatcher for DefaultDaemonConnection: socket connection from /127.0.0.1:51244 to /127.0.0.1:51245" [_thread_blocked, id=7696, stack(0x000000001d0e0000,0x000000001d1e0000)]
  0x000000001b78d800 JavaThread "Daemon worker" [_thread_blocked, id=10932, stack(0x000000001cfe0000,0x000000001d0e0000)]
  0x000000001b7fb800 JavaThread "Cancel handler" [_thread_blocked, id=5924, stack(0x000000001cee0000,0x000000001cfe0000)]
  0x000000001b7e0000 JavaThread "Handler for socket connection from /127.0.0.1:51244 to /127.0.0.1:51245" [_thread_in_native, id=10540, stack(0x000000001cbe0000,0x000000001cce0000)]
  0x000000001b7d8800 JavaThread "Daemon" [_thread_blocked, id=10868, stack(0x000000001cae0000,0x000000001cbe0000)]
  0x000000001b745000 JavaThread "Daemon periodic checks" [_thread_blocked, id=6624, stack(0x000000001c9e0000,0x000000001cae0000)]
  0x000000001b726000 JavaThread "Incoming local TCP Connector on port 51244" [_thread_in_native, id=8656, stack(0x000000001c4e0000,0x000000001c5e0000)]
  0x0000000019fd5000 JavaThread "Service Thread" daemon [_thread_blocked, id=1664, stack(0x000000001a4d0000,0x000000001a5d0000)]
  0x0000000019fd1000 JavaThread "C1 CompilerThread2" daemon [_thread_blocked, id=11584, stack(0x000000001a3d0000,0x000000001a4d0000)]
=>0x00000000187cc000 JavaThread "C2 CompilerThread1" daemon [_thread_in_native, id=1564, stack(0x0000000019ed0000,0x0000000019fd0000)]
  0x000000001876d800 JavaThread "C2 CompilerThread0" daemon [_thread_blocked, id=9928, stack(0x0000000019dd0000,0x0000000019ed0000)]
  0x000000001876c000 JavaThread "Attach Listener" daemon [_thread_blocked, id=820, stack(0x0000000019cd0000,0x0000000019dd0000)]
  0x000000001876b000 JavaThread "Signal Dispatcher" daemon [_thread_blocked, id=12180, stack(0x0000000019bd0000,0x0000000019cd0000)]
  0x0000000004d56800 JavaThread "Finalizer" daemon [_thread_blocked, id=6844, stack(0x00000000199d0000,0x0000000019ad0000)]
  0x0000000004d51800 JavaThread "Reference Handler" daemon [_thread_blocked, id=10052, stack(0x00000000198d0000,0x00000000199d0000)]
  0x0000000004dfe000 JavaThread "main" [_thread_blocked, id=10020, stack(0x0000000004b50000,0x0000000004c50000)]

Other Threads:
  0x0000000018735000 VMThread [stack: 0x00000000197d0000,0x00000000198d0000] [id=7948]
  0x0000000019fd7800 WatcherThread [stack: 0x000000001a5d0000,0x000000001a6d0000] [id=1076]

VM state:at safepoint (normal execution)

VM Mutex/Monitor currently owned by a thread:  ([mutex/lock_event])
[0x0000000004dfcb70] Threads_lock - owner thread: 0x0000000018735000
[0x0000000004dfd6f0] Heap_lock - owner thread: 0x000000001b78d800

Heap:
 PSYoungGen      total 169472K, used 1736K [0x00000000e0000000, 0x00000000ed280000, 0x0000000100000000)
  eden space 157696K, 0% used [0x00000000e0000000,0x00000000e0000000,0x00000000e9a00000)
  from space 11776K, 14% used [0x00000000e9a00000,0x00000000e9bb2370,0x00000000ea580000)
  to   space 11264K, 0% used [0x00000000ea580000,0x00000000ea580000,0x00000000eb080000)
 ParOldGen       total 59392K, used 16537K [0x00000000a0000000, 0x00000000a3a00000, 0x00000000e0000000)
  object space 59392K, 27% used [0x00000000a0000000,0x00000000a1026598,0x00000000a3a00000)
 Metaspace       used 36401K, capacity 37052K, committed 37208K, reserved 1085440K
  class space    used 4918K, capacity 5162K, committed 5248K, reserved 1048576K

Card table byte_map: [0x00000000141c0000,0x00000000144d0000] byte_map_base: 0x0000000013cc0000

Marking Bits: (ParMarkBitMap*) 0x0000000065f44970
 Begin Bits: [0x0000000014ad0000, 0x00000000162d0000)
 End Bits:   [0x00000000162d0000, 0x0000000017ad0000)

Polling page: 0x0000000003360000

CodeCache: size=245760Kb used=12561Kb max_used=13286Kb free=233199Kb
 bounds [0x0000000004e00000, 0x0000000005b20000, 0x0000000013e00000]
 total_blobs=4160 nmethods=3463 adapters=609
 compilation: enabled

Compilation events (10 events):
Event: 14.958 Thread 0x00000000187cc000 3966       4       java.util.ArrayDeque::pollFirst (42 bytes)
Event: 14.959 Thread 0x000000001876d800 nmethod 3961 0x00000000059f56d0 code [0x00000000059f5900, 0x00000000059f7cd8]
Event: 14.959 Thread 0x00000000187cc000 nmethod 3966 0x00000000059f5450 code [0x00000000059f5580, 0x00000000059f5638]
Event: 14.991 Thread 0x00000000187cc000 3967  s    4       java.util.jar.JarFile::getInputStream (89 bytes)
Event: 15.010 Thread 0x000000001876d800 3968       4       java.util.concurrent.atomic.AtomicReferenceArray::checkedByteOffset (45 bytes)
Event: 15.011 Thread 0x000000001876d800 nmethod 3968 0x0000000005994fd0 code [0x0000000005995100, 0x00000000059951b8]
Event: 15.014 Thread 0x000000001876d800 3969       4       java.util.WeakHashMap::put (162 bytes)
Event: 15.024 Thread 0x000000001876d800 nmethod 3969 0x000000000500d350 code [0x000000000500d4e0, 0x000000000500d9e8]
Event: 15.028 Thread 0x000000001876d800 3970       4       java.util.ArrayDeque::poll (5 bytes)
Event: 15.029 Thread 0x000000001876d800 nmethod 3970 0x000000000500d090 code [0x000000000500d1c0, 0x000000000500d278]

GC Heap History (10 events):
Event: 5.573 GC heap after
Heap after GC invocations=7 (full 1):
 PSYoungGen      total 111104K, used 7661K [0x00000000e0000000, 0x00000000e9380000, 0x0000000100000000)
  eden space 103424K, 0% used [0x00000000e0000000,0x00000000e0000000,0x00000000e6500000)
  from space 7680K, 99% used [0x00000000e8c00000,0x00000000e937b710,0x00000000e9380000)
  to   space 10240K, 0% used [0x00000000e7f80000,0x00000000e7f80000,0x00000000e8980000)
 ParOldGen       total 59392K, used 7908K [0x00000000a0000000, 0x00000000a3a00000, 0x00000000e0000000)
  object space 59392K, 13% used [0x00000000a0000000,0x00000000a07b9038,0x00000000a3a00000)
 Metaspace       used 26144K, capacity 26742K, committed 26880K, reserved 1073152K
  class space    used 3593K, capacity 3768K, committed 3840K, reserved 1048576K
}
Event: 8.490 GC heap before
{Heap before GC invocations=8 (full 1):
 PSYoungGen      total 111104K, used 111085K [0x00000000e0000000, 0x00000000e9380000, 0x0000000100000000)
  eden space 103424K, 100% used [0x00000000e0000000,0x00000000e6500000,0x00000000e6500000)
  from space 7680K, 99% used [0x00000000e8c00000,0x00000000e937b710,0x00000000e9380000)
  to   space 10240K, 0% used [0x00000000e7f80000,0x00000000e7f80000,0x00000000e8980000)
 ParOldGen       total 59392K, used 7908K [0x00000000a0000000, 0x00000000a3a00000, 0x00000000e0000000)
  object space 59392K, 13% used [0x00000000a0000000,0x00000000a07b9038,0x00000000a3a00000)
 Metaspace       used 30952K, capacity 31526K, committed 31616K, reserved 1077248K
  class space    used 4213K, capacity 4422K, committed 4480K, reserved 1048576K
Event: 8.521 GC heap after
Heap after GC invocations=8 (full 1):
 PSYoungGen      total 140800K, used 9415K [0x00000000e0000000, 0x00000000eb080000, 0x0000000100000000)
  eden space 130560K, 0% used [0x00000000e0000000,0x00000000e0000000,0x00000000e7f80000)
  from space 10240K, 91% used [0x00000000e7f80000,0x00000000e88b1ca0,0x00000000e8980000)
  to   space 11264K, 0% used [0x00000000ea580000,0x00000000ea580000,0x00000000eb080000)
 ParOldGen       total 59392K, used 7916K [0x00000000a0000000, 0x00000000a3a00000, 0x00000000e0000000)
  object space 59392K, 13% used [0x00000000a0000000,0x00000000a07bb038,0x00000000a3a00000)
 Metaspace       used 30952K, capacity 31526K, committed 31616K, reserved 1077248K
  class space    used 4213K, capacity 4422K, committed 4480K, reserved 1048576K
}
Event: 14.691 GC heap before
{Heap before GC invocations=9 (full 1):
 PSYoungGen      total 140800K, used 59253K [0x00000000e0000000, 0x00000000eb080000, 0x0000000100000000)
  eden space 130560K, 38% used [0x00000000e0000000,0x00000000e30ab8c0,0x00000000e7f80000)
  from space 10240K, 91% used [0x00000000e7f80000,0x00000000e88b1ca0,0x00000000e8980000)
  to   space 11264K, 0% used [0x00000000ea580000,0x00000000ea580000,0x00000000eb080000)
 ParOldGen       total 59392K, used 7916K [0x00000000a0000000, 0x00000000a3a00000, 0x00000000e0000000)
  object space 59392K, 13% used [0x00000000a0000000,0x00000000a07bb038,0x00000000a3a00000)
 Metaspace       used 34659K, capacity 35292K, committed 35416K, reserved 1079296K
  class space    used 4722K, capacity 4960K, committed 4992K, reserved 1048576K
Event: 14.707 GC heap after
Heap after GC invocations=9 (full 1):
 PSYoungGen      total 168960K, used 10011K [0x00000000e0000000, 0x00000000ed280000, 0x0000000100000000)
  eden space 157696K, 0% used [0x00000000e0000000,0x00000000e0000000,0x00000000e9a00000)
  from space 11264K, 88% used [0x00000000ea580000,0x00000000eaf46da8,0x00000000eb080000)
  to   space 11776K, 0% used [0x00000000e9a00000,0x00000000e9a00000,0x00000000ea580000)
 ParOldGen       total 59392K, used 7988K [0x00000000a0000000, 0x00000000a3a00000, 0x00000000e0000000)
  object space 59392K, 13% used [0x00000000a0000000,0x00000000a07cd048,0x00000000a3a00000)
 Metaspace       used 34659K, capacity 35292K, committed 35416K, reserved 1079296K
  class space    used 4722K, capacity 4960K, committed 4992K, reserved 1048576K
}
Event: 14.707 GC heap before
{Heap before GC invocations=10 (full 2):
 PSYoungGen      total 168960K, used 10011K [0x00000000e0000000, 0x00000000ed280000, 0x0000000100000000)
  eden space 157696K, 0% used [0x00000000e0000000,0x00000000e0000000,0x00000000e9a00000)
  from space 11264K, 88% used [0x00000000ea580000,0x00000000eaf46da8,0x00000000eb080000)
  to   space 11776K, 0% used [0x00000000e9a00000,0x00000000e9a00000,0x00000000ea580000)
 ParOldGen       total 59392K, used 7988K [0x00000000a0000000, 0x00000000a3a00000, 0x00000000e0000000)
  object space 59392K, 13% used [0x00000000a0000000,0x00000000a07cd048,0x00000000a3a00000)
 Metaspace       used 34659K, capacity 35292K, committed 35416K, reserved 1079296K
  class space    used 4722K, capacity 4960K, committed 4992K, reserved 1048576K
Event: 14.823 GC heap after
Heap after GC invocations=10 (full 2):
 PSYoungGen      total 168960K, used 0K [0x00000000e0000000, 0x00000000ed280000, 0x0000000100000000)
  eden space 157696K, 0% used [0x00000000e0000000,0x00000000e0000000,0x00000000e9a00000)
  from space 11264K, 0% used [0x00000000ea580000,0x00000000ea580000,0x00000000eb080000)
  to   space 11776K, 0% used [0x00000000e9a00000,0x00000000e9a00000,0x00000000ea580000)
 ParOldGen       total 59392K, used 16537K [0x00000000a0000000, 0x00000000a3a00000, 0x00000000e0000000)
  object space 59392K, 27% used [0x00000000a0000000,0x00000000a1026598,0x00000000a3a00000)
 Metaspace       used 34659K, capacity 35292K, committed 35416K, reserved 1079296K
  class space    used 4722K, capacity 4960K, committed 4992K, reserved 1048576K
}
Event: 15.036 GC heap before
{Heap before GC invocations=11 (full 2):
 PSYoungGen      total 168960K, used 13675K [0x00000000e0000000, 0x00000000ed280000, 0x0000000100000000)
  eden space 157696K, 8% used [0x00000000e0000000,0x00000000e0d5ae78,0x00000000e9a00000)
  from space 11264K, 0% used [0x00000000ea580000,0x00000000ea580000,0x00000000eb080000)
  to   space 11776K, 0% used [0x00000000e9a00000,0x00000000e9a00000,0x00000000ea580000)
 ParOldGen       total 59392K, used 16537K [0x00000000a0000000, 0x00000000a3a00000, 0x00000000e0000000)
  object space 59392K, 27% used [0x00000000a0000000,0x00000000a1026598,0x00000000a3a00000)
 Metaspace       used 36401K, capacity 37052K, committed 37208K, reserved 1085440K
  class space    used 4918K, capacity 5162K, committed 5248K, reserved 1048576K
Event: 15.039 GC heap after
Heap after GC invocations=11 (full 2):
 PSYoungGen      total 169472K, used 1736K [0x00000000e0000000, 0x00000000ed280000, 0x0000000100000000)
  eden space 157696K, 0% used [0x00000000e0000000,0x00000000e0000000,0x00000000e9a00000)
  from space 11776K, 14% used [0x00000000e9a00000,0x00000000e9bb2370,0x00000000ea580000)
  to   space 11264K, 0% used [0x00000000ea580000,0x00000000ea580000,0x00000000eb080000)
 ParOldGen       total 59392K, used 16537K [0x00000000a0000000, 0x00000000a3a00000, 0x00000000e0000000)
  object space 59392K, 27% used [0x00000000a0000000,0x00000000a1026598,0x00000000a3a00000)
 Metaspace       used 36401K, capacity 37052K, committed 37208K, reserved 1085440K
  class space    used 4918K, capacity 5162K, committed 5248K, reserved 1048576K
}
Event: 15.039 GC heap before
{Heap before GC invocations=12 (full 3):
 PSYoungGen      total 169472K, used 1736K [0x00000000e0000000, 0x00000000ed280000, 0x0000000100000000)
  eden space 157696K, 0% used [0x00000000e0000000,0x00000000e0000000,0x00000000e9a00000)
  from space 11776K, 14% used [0x00000000e9a00000,0x00000000e9bb2370,0x00000000ea580000)
  to   space 11264K, 0% used [0x00000000ea580000,0x00000000ea580000,0x00000000eb080000)
 ParOldGen       total 59392K, used 16537K [0x00000000a0000000, 0x00000000a3a00000, 0x00000000e0000000)
  object space 59392K, 27% used [0x00000000a0000000,0x00000000a1026598,0x00000000a3a00000)
 Metaspace       used 36401K, capacity 37052K, committed 37208K, reserved 1085440K
  class space    used 4918K, capacity 5162K, committed 5248K, reserved 1048576K

Deoptimization events (10 events):
Event: 9.807 Thread 0x000000001b78d800 Uncommon trap: reason=class_check action=maybe_recompile pc=0x0000000005aba6ac method=java.util.regex.Pattern$GroupTail.match(Ljava/util/regex/Matcher;ILjava/lang/CharSequence;)Z @ 70
Event: 9.807 Thread 0x000000001b78d800 Uncommon trap: reason=class_check action=maybe_recompile pc=0x0000000005aba6ac method=java.util.regex.Pattern$GroupTail.match(Ljava/util/regex/Matcher;ILjava/lang/CharSequence;)Z @ 70
Event: 9.807 Thread 0x000000001b78d800 Uncommon trap: reason=class_check action=maybe_recompile pc=0x0000000005aba6ac method=java.util.regex.Pattern$GroupTail.match(Ljava/util/regex/Matcher;ILjava/lang/CharSequence;)Z @ 70
Event: 11.256 Thread 0x000000001b78d800 Uncommon trap: reason=unstable_if action=reinterpret pc=0x00000000050d49fc method=java.util.jar.JarFile.match([C[B[I[I)Z @ 29
Event: 14.283 Thread 0x000000001b78d800 Uncommon trap: reason=unstable_if action=reinterpret pc=0x0000000005abbe30 method=java.util.regex.Pattern$CharProperty.match(Ljava/util/regex/Matcher;ILjava/lang/CharSequence;)Z @ 40
Event: 14.470 Thread 0x000000001b78d800 Uncommon trap: reason=class_check action=maybe_recompile pc=0x00000000056224e8 method=java.io.BufferedInputStream.read1([BII)I @ 39
Event: 14.470 Thread 0x000000001b78d800 Uncommon trap: reason=class_check action=maybe_recompile pc=0x00000000056224e8 method=java.io.BufferedInputStream.read1([BII)I @ 39
Event: 14.470 Thread 0x000000001b78d800 Uncommon trap: reason=class_check action=maybe_recompile pc=0x00000000056224e8 method=java.io.BufferedInputStream.read1([BII)I @ 39
Event: 14.611 Thread 0x000000001b78d800 Uncommon trap: reason=unstable_if action=reinterpret pc=0x0000000005834390 method=java.lang.Integer.valueOf(I)Ljava/lang/Integer; @ 3
Event: 14.615 Thread 0x000000001b78d800 Uncommon trap: reason=predicate action=maybe_recompile pc=0x00000000056b2a7c method=java.util.Arrays.binarySearch0([Ljava/lang/Object;IILjava/lang/Object;Ljava/util/Comparator;)I @ 28

Classes redefined (0 events):
No events

Internal exceptions (10 events):
Event: 14.245 Thread 0x000000001b78d800 Exception <a 'java/lang/ClassNotFoundException': org/gradle/api/internal/AbstractTaskBeanInfo> (0x00000000e22ff938) thrown at [D:\src\AOSP-openjdk-cygwin\jdk8u\hotspot\src\share\vm\classfile\systemDictionary.cpp, line 210]
Event: 14.246 Thread 0x000000001b78d800 Exception <a 'java/lang/ClassNotFoundException': org/gradle/api/internal/AbstractTaskCustomizer> (0x00000000e232a390) thrown at [D:\src\AOSP-openjdk-cygwin\jdk8u\hotspot\src\share\vm\classfile\systemDictionary.cpp, line 210]
Event: 14.250 Thread 0x000000001b78d800 Exception <a 'java/lang/ClassNotFoundException': org/gradle/api/DefaultTaskCustomizer> (0x00000000e23b3058) thrown at [D:\src\AOSP-openjdk-cygwin\jdk8u\hotspot\src\share\vm\classfile\systemDictionary.cpp, line 210]
Event: 14.252 Thread 0x000000001b78d800 Exception <a 'java/lang/ClassNotFoundException': org/gradle/api/internal/ConventionTaskCustomizer> (0x00000000e23ed570) thrown at [D:\src\AOSP-openjdk-cygwin\jdk8u\hotspot\src\share\vm\classfile\systemDictionary.cpp, line 210]
Event: 14.255 Thread 0x000000001b78d800 Exception <a 'java/lang/ClassNotFoundException': org/gradle/api/tasks/DeleteCustomizer> (0x00000000e24257d8) thrown at [D:\src\AOSP-openjdk-cygwin\jdk8u\hotspot\src\share\vm\classfile\systemDictionary.cpp, line 210]
Event: 14.257 Thread 0x000000001b78d800 Exception <a 'java/lang/ClassNotFoundException': org/gradle/api/tasks/Delete_DecoratedCustomizer> (0x00000000e246bf60) thrown at [D:\src\AOSP-openjdk-cygwin\jdk8u\hotspot\src\share\vm\classfile\systemDictionary.cpp, line 210]
Event: 14.359 Thread 0x000000001b78d800 Exception <a 'java/lang/ClassNotFoundException': build_jki1p22y3jbtlgnfe28k8imoBeanInfo> (0x00000000e2578570) thrown at [D:\src\AOSP-openjdk-cygwin\jdk8u\hotspot\src\share\vm\classfile\systemDictionary.cpp, line 210]
Event: 14.359 Thread 0x000000001b78d800 Exception <a 'java/lang/ClassNotFoundException': build_jki1p22y3jbtlgnfe28k8imoCustomizer> (0x00000000e259e500) thrown at [D:\src\AOSP-openjdk-cygwin\jdk8u\hotspot\src\share\vm\classfile\systemDictionary.cpp, line 210]
Event: 14.366 Thread 0x000000001b78d800 Exception <a 'java/lang/ClassNotFoundException': org/gradle/api/internal/plugins/DefaultObjectConfigurationActionBeanInfo> (0x00000000e2604870) thrown at [D:\src\AOSP-openjdk-cygwin\jdk8u\hotspot\src\share\vm\classfile\systemDictionary.cpp, line 210]
Event: 14.367 Thread 0x000000001b78d800 Exception <a 'java/lang/ClassNotFoundException': org/gradle/api/internal/plugins/DefaultObjectConfigurationActionCustomizer> (0x00000000e263bdf0) thrown at [D:\src\AOSP-openjdk-cygwin\jdk8u\hotspot\src\share\vm\classfile\systemDictionary.cpp, line 210]

Events (10 events):
Event: 15.032 loading class com/google/common/hash/Hashing$Sha256Holder done
Event: 15.033 loading class com/google/common/hash/MessageDigestHashFunction
Event: 15.033 loading class com/google/common/hash/MessageDigestHashFunction done
Event: 15.034 loading class com/google/common/hash/AbstractStreamingHashFunction
Event: 15.034 loading class com/google/common/hash/AbstractStreamingHashFunction done
Event: 15.035 loading class com/google/common/hash/Hasher
Event: 15.035 loading class com/google/common/hash/Hasher done
Event: 15.035 loading class com/google/common/hash/PrimitiveSink
Event: 15.035 loading class com/google/common/hash/PrimitiveSink done
Event: 15.035 Executing VM operation: CollectForMetadataAllocation


Dynamic libraries:
0x00007ff780b80000 - 0x00007ff780bb1000 	C:\Program Files\Android\Android Studio\jre\bin\java.exe
0x00007ff9f6410000 - 0x00007ff9f65f0000 	C:\WINDOWS\SYSTEM32\ntdll.dll
0x00007ff9f51c0000 - 0x00007ff9f526e000 	C:\WINDOWS\System32\KERNEL32.DLL
0x00007ff9f29e0000 - 0x00007ff9f2c46000 	C:\WINDOWS\System32\KERNELBASE.dll
0x00007ff9f4f90000 - 0x00007ff9f5031000 	C:\WINDOWS\System32\ADVAPI32.dll
0x00007ff9f55a0000 - 0x00007ff9f563d000 	C:\WINDOWS\System32\msvcrt.dll
0x00007ff9f5d50000 - 0x00007ff9f5dab000 	C:\WINDOWS\System32\sechost.dll
0x00007ff9f5fb0000 - 0x00007ff9f60cf000 	C:\WINDOWS\System32\RPCRT4.dll
0x00007ff9f5e20000 - 0x00007ff9f5faf000 	C:\WINDOWS\System32\USER32.dll
0x00007ff9f28c0000 - 0x00007ff9f28e0000 	C:\WINDOWS\System32\win32u.dll
0x00007ff9f38e0000 - 0x00007ff9f3908000 	C:\WINDOWS\System32\GDI32.dll
0x00007ff9f2f20000 - 0x00007ff9f30b3000 	C:\WINDOWS\System32\gdi32full.dll
0x00007ff9f2c50000 - 0x00007ff9f2ceb000 	C:\WINDOWS\System32\msvcp_win.dll
0x00007ff9f28e0000 - 0x00007ff9f29d6000 	C:\WINDOWS\System32\ucrtbase.dll
0x00007ff9e6630000 - 0x00007ff9e6899000 	C:\WINDOWS\WinSxS\amd64_microsoft.windows.common-controls_6595b64144ccf1df_6.0.16299.371_none_15c7d1789365a290\COMCTL32.dll
0x00007ff9f60d0000 - 0x00007ff9f63d8000 	C:\WINDOWS\System32\combase.dll
0x00007ff9f30c0000 - 0x00007ff9f3132000 	C:\WINDOWS\System32\bcryptPrimitives.dll
0x00007ff9f5040000 - 0x00007ff9f506d000 	C:\WINDOWS\System32\IMM32.DLL
0x00000000634a0000 - 0x0000000063572000 	C:\Program Files\Android\Android Studio\jre\jre\bin\msvcr100.dll
0x0000000065780000 - 0x0000000065fbf000 	C:\Program Files\Android\Android Studio\jre\jre\bin\server\jvm.dll
0x00007ff9f4f80000 - 0x00007ff9f4f88000 	C:\WINDOWS\System32\PSAPI.DLL
0x00007ff9dbff0000 - 0x00007ff9dbff9000 	C:\WINDOWS\SYSTEM32\WSOCK32.dll
0x00007ff9f3970000 - 0x00007ff9f39dc000 	C:\WINDOWS\System32\WS2_32.dll
0x00007ff9eefa0000 - 0x00007ff9eefc3000 	C:\WINDOWS\SYSTEM32\WINMM.dll
0x00007ff9eb4c0000 - 0x00007ff9eb4ca000 	C:\WINDOWS\SYSTEM32\VERSION.dll
0x00007ff9eef20000 - 0x00007ff9eef4a000 	C:\WINDOWS\SYSTEM32\WINMMBASE.dll
0x00007ff9f3140000 - 0x00007ff9f318a000 	C:\WINDOWS\System32\cfgmgr32.dll
0x00007ff9daca0000 - 0x00007ff9dacaf000 	C:\Program Files\Android\Android Studio\jre\jre\bin\verify.dll
0x00007ff9c45f0000 - 0x00007ff9c4619000 	C:\Program Files\Android\Android Studio\jre\jre\bin\java.dll
0x00007ff9cded0000 - 0x00007ff9cdee6000 	C:\Program Files\Android\Android Studio\jre\jre\bin\zip.dll
0x00007ff9f39e0000 - 0x00007ff9f4e16000 	C:\WINDOWS\System32\SHELL32.dll
0x00007ff9f5a90000 - 0x00007ff9f5b36000 	C:\WINDOWS\System32\shcore.dll
0x00007ff9f3190000 - 0x00007ff9f38d7000 	C:\WINDOWS\System32\windows.storage.dll
0x00007ff9f3910000 - 0x00007ff9f3961000 	C:\WINDOWS\System32\shlwapi.dll
0x00007ff9f27a0000 - 0x00007ff9f27b1000 	C:\WINDOWS\System32\kernel.appcore.dll
0x00007ff9f27c0000 - 0x00007ff9f280c000 	C:\WINDOWS\System32\powrprof.dll
0x00007ff9f2780000 - 0x00007ff9f279b000 	C:\WINDOWS\System32\profapi.dll
0x00007ff9c4790000 - 0x00007ff9c47aa000 	C:\Program Files\Android\Android Studio\jre\jre\bin\net.dll
0x00007ff9f1ff0000 - 0x00007ff9f2056000 	C:\WINDOWS\system32\mswsock.dll
0x00007ff9c1920000 - 0x00007ff9c1931000 	C:\Program Files\Android\Android Studio\jre\jre\bin\nio.dll
0x00007ff9bfa00000 - 0x00007ff9bfa1e000 	C:\Users\krasm\.gradle\native\25\windows-amd64\native-platform.dll
0x00007ff9d0940000 - 0x00007ff9d094d000 	C:\Program Files\Android\Android Studio\jre\jre\bin\management.dll
0x00007ff9f21b0000 - 0x00007ff9f21c7000 	C:\WINDOWS\SYSTEM32\CRYPTSP.dll
0x00007ff9f1bf0000 - 0x00007ff9f1c23000 	C:\WINDOWS\system32\rsaenh.dll
0x00007ff9f22c0000 - 0x00007ff9f22e5000 	C:\WINDOWS\SYSTEM32\bcrypt.dll
0x00007ff9f2690000 - 0x00007ff9f26b9000 	C:\WINDOWS\SYSTEM32\USERENV.dll
0x00007ff9f21d0000 - 0x00007ff9f21db000 	C:\WINDOWS\SYSTEM32\CRYPTBASE.dll
0x00007ff9f1d80000 - 0x00007ff9f1db9000 	C:\WINDOWS\SYSTEM32\IPHLPAPI.DLL
0x00007ff9f4ef0000 - 0x00007ff9f4ef8000 	C:\WINDOWS\System32\NSI.dll
0x00007ff9eb9c0000 - 0x00007ff9eb9d6000 	C:\WINDOWS\SYSTEM32\dhcpcsvc6.DLL
0x00007ff9ebb60000 - 0x00007ff9ebb7a000 	C:\WINDOWS\SYSTEM32\dhcpcsvc.DLL

VM Arguments:
jvm_args: -Xmx1536m -Dfile.encoding=windows-1251 -Duser.country=RU -Duser.language=ru -Duser.variant 
java_command: org.gradle.launcher.daemon.bootstrap.GradleDaemon 4.4
java_class_path (initial): C:\Users\krasm\.gradle\wrapper\dists\gradle-4.4-all\9br9xq1tocpiv8o6njlyu5op1\gradle-4.4\lib\gradle-launcher-4.4.jar
Launcher Type: SUN_STANDARD

Environment Variables:
PATH=C:\ProgramData\Oracle\Java\javapath;C:\Oracle\product\11.2.0\dbhome_1\bin;C:\Windows\system32;C:\Windows;C:\Windows\System32\Wbem;C:\Windows\System32\WindowsPowerShell\v1.0\;C:\Program Files (x86)\NVIDIA Corporation\PhysX\Common;C:\Program Files\Intel\WiFi\bin\;C:\Program Files\Common Files\Intel\WirelessCommon\;C:\Program Files\dotnet\;C:\Program Files\Git\cmd;C:\Program Files (x86)\Common Files\Acronis\SnapAPI\;C:\WINDOWS\system32;C:\WINDOWS;C:\WINDOWS\System32\Wbem;C:\WINDOWS\System32\WindowsPowerShell\v1.0\;C:\Program Files\Microsoft SQL Server\Client SDK\ODBC\130\Tools\Binn\;C:\Program Files (x86)\Microsoft SQL Server\140\Tools\Binn\;C:\Program Files\Microsoft SQL Server\140\Tools\Binn\;C:\Program Files\Microsoft SQL Server\140\DTS\Binn\;C:\Program Files (x86)\Microsoft SQL Server\Client SDK\ODBC\130\Tools\Binn\;C:\Program Files (x86)\Microsoft SQL Server\140\DTS\Binn\;C:\Program Files (x86)\Microsoft SQL Server\140\Tools\Binn\ManagementStudio\;%HADOOP_HOME%\bin;%SPARK_HOME%\bin;C:\Users\krasm\AppData\Local\Programs\Python\Python36-32\Scripts\;C:\Users\krasm\AppData\Local\Programs\Python\Python36-32\;C:\Users\krasm\AppData\Local\Microsoft\WindowsApps;C:\Program Files\Intel\WiFi\bin\;C:\Program Files\Common Files\Intel\WirelessCommon\;C:\Program Files\Heroku\bin;C:\Users\krasm\AppData\Local\Microsoft\WindowsApps;
USERNAME=krasm
OS=Windows_NT
PROCESSOR_IDENTIFIER=Intel64 Family 6 Model 78 Stepping 3, GenuineIntel



---------------  S Y S T E M  ---------------

OS: Windows 10.0 , 64 bit Build 16299 (10.0.16299.15)

CPU:total 4 (initial active 4) (2 cores per cpu, 2 threads per core) family 6 model 78 stepping 3, cmov, cx8, fxsr, mmx, sse, sse2, sse3, ssse3, sse4.1, sse4.2, popcnt, avx, avx2, aes, clmul, erms, 3dnowpref, lzcnt, ht, tsc, tscinvbit, bmi1, bmi2, adx

Memory: 4k page, physical 8259484k(2183532k free), swap 8259484k(1888k free)

vm_info: OpenJDK 64-Bit Server VM (25.152-b02) for windows-amd64 JRE (1.8.0_152-release-1024-b02), built by "builder" with MS VC++ 10.0 (VS2010)

time: Sat Apr 21 08:13:08 2018
elapsed time: 15 seconds (0d 0h 0m 15s)

