#
# There is insufficient memory for the Java Runtime Environment to continue.
# Native memory allocation (malloc) failed to allocate 1125536 bytes for Chunk::new
# Possible reasons:
#   The system is out of physical RAM or swap space
#   In 32 bit mode, the process size limit was hit
# Possible solutions:
#   Reduce memory load on the system
#   Increase physical memory or swap space
#   Check if swap backing store is full
#   Use 64 bit Java on a 64 bit OS
#   Decrease Java heap size (-Xmx/-Xms)
#   Decrease number of Java threads
#   Decrease Java thread stack sizes (-Xss)
#   Set larger code cache with -XX:ReservedCodeCacheSize=
# This output file may be truncated or incomplete.
#
#  Out of Memory Error (allocation.cpp:390), pid=3344, tid=0x0000000000001efc
#
# JRE version: OpenJDK Runtime Environment (8.0_152-b02) (build 1.8.0_152-release-1024-b02)
# Java VM: OpenJDK 64-Bit Server VM (25.152-b02 mixed mode windows-amd64 compressed oops)
# Failed to write core dump. Minidumps are not enabled by default on client versions of Windows
#

---------------  T H R E A D  ---------------

Current thread (0x000000001825f000):  JavaThread "C2 CompilerThread1" daemon [_thread_in_native, id=7932, stack(0x00000000199c0000,0x0000000019ac0000)]

Stack: [0x00000000199c0000,0x0000000019ac0000]
[error occurred during error reporting (printing stack bounds), id 0xc0000005]

Native frames: (J=compiled Java code, j=interpreted, Vv=VM code, C=native code)


Current CompileTask:
C2:   3083 1333       4       java.net.URLClassLoader$1::run (5 bytes)


---------------  P R O C E S S  ---------------

Java Threads: ( => current thread )
  0x000000001d13f000 JavaThread "Cache worker for file hash cache (C:\Users\krasm\AndroidStudioProjects\RSA\.gradle\4.4\fileHashes)" [_thread_blocked, id=5600, stack(0x000000001e0a0000,0x000000001e1a0000)]
  0x000000001b52e000 JavaThread "File lock request listener" [_thread_in_native, id=10604, stack(0x000000001cfd0000,0x000000001d0d0000)]
  0x000000001b565800 JavaThread "Cache worker for file hash cache (C:\Users\krasm\.gradle\caches\4.4\fileHashes)" [_thread_blocked, id=11068, stack(0x000000001ced0000,0x000000001cfd0000)]
  0x000000001b065000 JavaThread "Stdin handler" [_thread_blocked, id=10876, stack(0x000000001cbd0000,0x000000001ccd0000)]
  0x000000001b0af800 JavaThread "Asynchronous log dispatcher for DefaultDaemonConnection: socket connection from /127.0.0.1:51250 to /127.0.0.1:51251" [_thread_blocked, id=8352, stack(0x000000001cad0000,0x000000001cbd0000)]
  0x000000001b0ab800 JavaThread "Daemon worker" [_thread_in_native, id=5608, stack(0x000000001c9d0000,0x000000001cad0000)]
  0x000000001b0aa000 JavaThread "Cancel handler" [_thread_blocked, id=10796, stack(0x000000001c8d0000,0x000000001c9d0000)]
  0x000000001b028000 JavaThread "Handler for socket connection from /127.0.0.1:51250 to /127.0.0.1:51251" [_thread_in_native, id=9404, stack(0x000000001c5d0000,0x000000001c6d0000)]
  0x000000001b1f4800 JavaThread "Daemon" [_thread_blocked, id=8852, stack(0x000000001c4d0000,0x000000001c5d0000)]
  0x000000001af47000 JavaThread "Daemon periodic checks" [_thread_blocked, id=7956, stack(0x000000001c3d0000,0x000000001c4d0000)]
  0x000000001b1f6000 JavaThread "Incoming local TCP Connector on port 51250" [_thread_in_native, id=9028, stack(0x000000001bed0000,0x000000001bfd0000)]
  0x0000000019be0800 JavaThread "Service Thread" daemon [_thread_blocked, id=8880, stack(0x0000000019fc0000,0x000000001a0c0000)]
  0x0000000018262800 JavaThread "C1 CompilerThread2" daemon [_thread_blocked, id=6900, stack(0x0000000019ac0000,0x0000000019bc0000)]
=>0x000000001825f000 JavaThread "C2 CompilerThread1" daemon [_thread_in_native, id=7932, stack(0x00000000199c0000,0x0000000019ac0000)]
  0x000000001825b000 JavaThread "C2 CompilerThread0" daemon [_thread_in_native, id=5236, stack(0x00000000198c0000,0x00000000199c0000)]
  0x000000001825a000 JavaThread "Attach Listener" daemon [_thread_blocked, id=5180, stack(0x00000000197c0000,0x00000000198c0000)]
  0x0000000018268000 JavaThread "Signal Dispatcher" daemon [_thread_blocked, id=9208, stack(0x00000000196c0000,0x00000000197c0000)]
  0x0000000018248800 JavaThread "Finalizer" daemon [_thread_blocked, id=5436, stack(0x00000000194c0000,0x00000000195c0000)]
  0x00000000048e3000 JavaThread "Reference Handler" daemon [_thread_blocked, id=10752, stack(0x00000000193c0000,0x00000000194c0000)]
  0x00000000046ee000 JavaThread "main" [_thread_blocked, id=3256, stack(0x00000000046f0000,0x00000000047f0000)]

Other Threads:
  0x0000000018224800 VMThread [stack: 0x00000000192c0000,0x00000000193c0000] [id=8024]
  0x00000000182bd000 WatcherThread [stack: 0x000000001a0c0000,0x000000001a1c0000] [id=7940]

VM state:not at safepoint (normal execution)

VM Mutex/Monitor currently owned by a thread: None

Heap:
 PSYoungGen      total 38400K, used 10288K [0x00000000e0000000, 0x00000000e2a80000, 0x0000000100000000)
  eden space 33280K, 15% used [0x00000000e0000000,0x00000000e0512110,0x00000000e2080000)
  from space 5120K, 99% used [0x00000000e2080000,0x00000000e257a1a8,0x00000000e2580000)
  to   space 5120K, 0% used [0x00000000e2580000,0x00000000e2580000,0x00000000e2a80000)
 ParOldGen       total 87552K, used 2412K [0x00000000a0000000, 0x00000000a5580000, 0x00000000e0000000)
  object space 87552K, 2% used [0x00000000a0000000,0x00000000a025b1c8,0x00000000a5580000)
 Metaspace       used 14846K, capacity 15202K, committed 15360K, reserved 1062912K
  class space    used 2088K, capacity 2223K, committed 2304K, reserved 1048576K

Card table byte_map: [0x0000000013cb0000,0x0000000013fc0000] byte_map_base: 0x00000000137b0000

Marking Bits: (ParMarkBitMap*) 0x0000000065f44970
 Begin Bits: [0x00000000145c0000, 0x0000000015dc0000)
 End Bits:   [0x0000000015dc0000, 0x00000000175c0000)

Polling page: 0x0000000002de0000

CodeCache: size=245760Kb used=4877Kb max_used=4877Kb free=240882Kb
 bounds [0x00000000048f0000, 0x0000000004dc0000, 0x00000000138f0000]
 total_blobs=1800 nmethods=1430 adapters=283
 compilation: enabled

Compilation events (10 events):
Event: 3.067 Thread 0x0000000018262800 1428       3       sun.misc.ProxyGenerator$ConstantPool::getMethodRef (33 bytes)
Event: 3.068 Thread 0x0000000018262800 nmethod 1428 0x0000000004daf3d0 code [0x0000000004daf660, 0x0000000004db0408]
Event: 3.069 Thread 0x0000000018262800 1429       3       org.gradle.internal.service.DefaultServiceRegistry$SingletonService::getFactory (20 bytes)
Event: 3.070 Thread 0x0000000018262800 nmethod 1429 0x0000000004daedd0 code [0x0000000004daef60, 0x0000000004daf2b8]
Event: 3.070 Thread 0x0000000018262800 1431       3       org.gradle.internal.service.DefaultServiceRegistry$CachingProvider::cacheServiceProvider (24 bytes)
Event: 3.070 Thread 0x0000000018262800 nmethod 1431 0x0000000004dae910 code [0x0000000004daea80, 0x0000000004daed08]
Event: 3.070 Thread 0x0000000018262800 1430       3       java.util.ArrayList::toArray (60 bytes)
Event: 3.071 Thread 0x0000000018262800 nmethod 1430 0x0000000004dae090 code [0x0000000004dae220, 0x0000000004dae7d8]
Event: 3.074 Thread 0x0000000018262800 1432       3       org.gradle.internal.service.DefaultServiceRegistry::hasService (15 bytes)
Event: 3.074 Thread 0x0000000018262800 nmethod 1432 0x0000000004db4790 code [0x0000000004db4960, 0x0000000004db50a8]

GC Heap History (6 events):
Event: 1.179 GC heap before
{Heap before GC invocations=1 (full 0):
 PSYoungGen      total 38400K, used 33280K [0x00000000e0000000, 0x00000000e2a80000, 0x0000000100000000)
  eden space 33280K, 100% used [0x00000000e0000000,0x00000000e2080000,0x00000000e2080000)
  from space 5120K, 0% used [0x00000000e2580000,0x00000000e2580000,0x00000000e2a80000)
  to   space 5120K, 0% used [0x00000000e2080000,0x00000000e2080000,0x00000000e2580000)
 ParOldGen       total 87552K, used 0K [0x00000000a0000000, 0x00000000a5580000, 0x00000000e0000000)
  object space 87552K, 0% used [0x00000000a0000000,0x00000000a0000000,0x00000000a5580000)
 Metaspace       used 6898K, capacity 7064K, committed 7424K, reserved 1056768K
  class space    used 843K, capacity 909K, committed 1024K, reserved 1048576K
Event: 1.187 GC heap after
Heap after GC invocations=1 (full 0):
 PSYoungGen      total 38400K, used 4174K [0x00000000e0000000, 0x00000000e2a80000, 0x0000000100000000)
  eden space 33280K, 0% used [0x00000000e0000000,0x00000000e0000000,0x00000000e2080000)
  from space 5120K, 81% used [0x00000000e2080000,0x00000000e2493b70,0x00000000e2580000)
  to   space 5120K, 0% used [0x00000000e2580000,0x00000000e2580000,0x00000000e2a80000)
 ParOldGen       total 87552K, used 8K [0x00000000a0000000, 0x00000000a5580000, 0x00000000e0000000)
  object space 87552K, 0% used [0x00000000a0000000,0x00000000a0002000,0x00000000a5580000)
 Metaspace       used 6898K, capacity 7064K, committed 7424K, reserved 1056768K
  class space    used 843K, capacity 909K, committed 1024K, reserved 1048576K
}
Event: 2.394 GC heap before
{Heap before GC invocations=2 (full 0):
 PSYoungGen      total 38400K, used 37454K [0x00000000e0000000, 0x00000000e2a80000, 0x0000000100000000)
  eden space 33280K, 100% used [0x00000000e0000000,0x00000000e2080000,0x00000000e2080000)
  from space 5120K, 81% used [0x00000000e2080000,0x00000000e2493b70,0x00000000e2580000)
  to   space 5120K, 0% used [0x00000000e2580000,0x00000000e2580000,0x00000000e2a80000)
 ParOldGen       total 87552K, used 8K [0x00000000a0000000, 0x00000000a5580000, 0x00000000e0000000)
  object space 87552K, 0% used [0x00000000a0000000,0x00000000a0002000,0x00000000a5580000)
 Metaspace       used 11524K, capacity 11810K, committed 11904K, reserved 1058816K
  class space    used 1525K, capacity 1635K, committed 1664K, reserved 1048576K
Event: 2.402 GC heap after
Heap after GC invocations=2 (full 0):
 PSYoungGen      total 38400K, used 5101K [0x00000000e0000000, 0x00000000e2a80000, 0x0000000100000000)
  eden space 33280K, 0% used [0x00000000e0000000,0x00000000e0000000,0x00000000e2080000)
  from space 5120K, 99% used [0x00000000e2580000,0x00000000e2a7b5a0,0x00000000e2a80000)
  to   space 5120K, 0% used [0x00000000e2080000,0x00000000e2080000,0x00000000e2580000)
 ParOldGen       total 87552K, used 444K [0x00000000a0000000, 0x00000000a5580000, 0x00000000e0000000)
  object space 87552K, 0% used [0x00000000a0000000,0x00000000a006f338,0x00000000a5580000)
 Metaspace       used 11524K, capacity 11810K, committed 11904K, reserved 1058816K
  class space    used 1525K, capacity 1635K, committed 1664K, reserved 1048576K
}
Event: 2.964 GC heap before
{Heap before GC invocations=3 (full 0):
 PSYoungGen      total 38400K, used 38381K [0x00000000e0000000, 0x00000000e2a80000, 0x0000000100000000)
  eden space 33280K, 100% used [0x00000000e0000000,0x00000000e2080000,0x00000000e2080000)
  from space 5120K, 99% used [0x00000000e2580000,0x00000000e2a7b5a0,0x00000000e2a80000)
  to   space 5120K, 0% used [0x00000000e2080000,0x00000000e2080000,0x00000000e2580000)
 ParOldGen       total 87552K, used 444K [0x00000000a0000000, 0x00000000a5580000, 0x00000000e0000000)
  object space 87552K, 0% used [0x00000000a0000000,0x00000000a006f338,0x00000000a5580000)
 Metaspace       used 14401K, capacity 14722K, committed 14976K, reserved 1062912K
  class space    used 2015K, capacity 2127K, committed 2176K, reserved 1048576K
Event: 2.973 GC heap after
Heap after GC invocations=3 (full 0):
 PSYoungGen      total 38400K, used 5096K [0x00000000e0000000, 0x00000000e2a80000, 0x0000000100000000)
  eden space 33280K, 0% used [0x00000000e0000000,0x00000000e0000000,0x00000000e2080000)
  from space 5120K, 99% used [0x00000000e2080000,0x00000000e257a1a8,0x00000000e2580000)
  to   space 5120K, 0% used [0x00000000e2580000,0x00000000e2580000,0x00000000e2a80000)
 ParOldGen       total 87552K, used 2412K [0x00000000a0000000, 0x00000000a5580000, 0x00000000e0000000)
  object space 87552K, 2% used [0x00000000a0000000,0x00000000a025b1c8,0x00000000a5580000)
 Metaspace       used 14401K, capacity 14722K, committed 14976K, reserved 1062912K
  class space    used 2015K, capacity 2127K, committed 2176K, reserved 1048576K
}

Deoptimization events (10 events):
Event: 1.673 Thread 0x00000000046ee000 Uncommon trap: reason=bimorphic action=maybe_recompile pc=0x0000000004c2a8e0 method=java.util.HashMap.putVal(ILjava/lang/Object;Ljava/lang/Object;ZZ)Ljava/lang/Object; @ 203
Event: 1.835 Thread 0x00000000046ee000 Uncommon trap: reason=unstable_if action=reinterpret pc=0x0000000004bc6088 method=java.io.WinNTFileSystem.normalize(Ljava/lang/String;)Ljava/lang/String; @ 128
Event: 1.835 Thread 0x00000000046ee000 Uncommon trap: reason=unstable_if action=reinterpret pc=0x0000000004c12ce4 method=java.io.WinNTFileSystem.normalize(Ljava/lang/String;II)Ljava/lang/String; @ 90
Event: 2.390 Thread 0x000000001b028000 Uncommon trap: reason=unstable_if action=reinterpret pc=0x0000000004c8785c method=java.util.concurrent.ConcurrentHashMap.putVal(Ljava/lang/Object;Ljava/lang/Object;Z)Ljava/lang/Object; @ 206
Event: 2.502 Thread 0x000000001b0ab800 Uncommon trap: reason=bimorphic action=maybe_recompile pc=0x0000000004c29abc method=java.util.HashMap.putVal(ILjava/lang/Object;Ljava/lang/Object;ZZ)Ljava/lang/Object; @ 253
Event: 2.502 Thread 0x000000001b0ab800 Uncommon trap: reason=bimorphic action=maybe_recompile pc=0x0000000004c29abc method=java.util.HashMap.putVal(ILjava/lang/Object;Ljava/lang/Object;ZZ)Ljava/lang/Object; @ 253
Event: 2.502 Thread 0x000000001b0ab800 Uncommon trap: reason=bimorphic action=maybe_recompile pc=0x0000000004c29abc method=java.util.HashMap.putVal(ILjava/lang/Object;Ljava/lang/Object;ZZ)Ljava/lang/Object; @ 253
Event: 2.519 Thread 0x000000001b0ab800 Uncommon trap: reason=class_check action=maybe_recompile pc=0x0000000004b5f31c method=java.util.regex.Matcher.match(II)Z @ 86
Event: 2.872 Thread 0x000000001b0ab800 Uncommon trap: reason=class_check action=maybe_recompile pc=0x0000000004b5f31c method=java.util.regex.Matcher.match(II)Z @ 86
Event: 2.979 Thread 0x000000001b0ab800 Uncommon trap: reason=unstable_if action=reinterpret pc=0x0000000004d4f1f4 method=java.lang.String.lastIndexOf([CII[CIII)I @ 66

Classes redefined (0 events):
No events

Internal exceptions (10 events):
Event: 2.426 Thread 0x000000001b028000 Exception <a 'java/lang/NoSuchMethodError': <clinit>> (0x00000000e00cfdc0) thrown at [D:\src\AOSP-openjdk-cygwin\jdk8u\hotspot\src\share\vm\prims\jni.cpp, line 1613]
Event: 2.427 Thread 0x000000001b028000 Exception <a 'java/lang/NoSuchMethodError': <clinit>> (0x00000000e00d8888) thrown at [D:\src\AOSP-openjdk-cygwin\jdk8u\hotspot\src\share\vm\prims\jni.cpp, line 1613]
Event: 2.429 Thread 0x000000001b028000 Exception <a 'java/lang/NoSuchMethodError': <clinit>> (0x00000000e00e9f58) thrown at [D:\src\AOSP-openjdk-cygwin\jdk8u\hotspot\src\share\vm\prims\jni.cpp, line 1613]
Event: 2.443 Thread 0x000000001b028000 Exception <a 'java/lang/NoSuchMethodError': <clinit>> (0x00000000e014f370) thrown at [D:\src\AOSP-openjdk-cygwin\jdk8u\hotspot\src\share\vm\prims\jni.cpp, line 1613]
Event: 2.447 Thread 0x000000001b028000 Exception <a 'java/lang/NoSuchMethodError': <clinit>> (0x00000000e0172ce8) thrown at [D:\src\AOSP-openjdk-cygwin\jdk8u\hotspot\src\share\vm\prims\jni.cpp, line 1613]
Event: 2.452 Thread 0x000000001b028000 Exception <a 'java/lang/NoSuchMethodError': <clinit>> (0x00000000e019ccf8) thrown at [D:\src\AOSP-openjdk-cygwin\jdk8u\hotspot\src\share\vm\prims\jni.cpp, line 1613]
Event: 2.454 Thread 0x000000001b028000 Exception <a 'java/lang/NoSuchMethodError': <clinit>> (0x00000000e01aa888) thrown at [D:\src\AOSP-openjdk-cygwin\jdk8u\hotspot\src\share\vm\prims\jni.cpp, line 1613]
Event: 2.459 Thread 0x000000001b028000 Exception <a 'java/lang/NoSuchMethodError': <clinit>> (0x00000000e01cec90) thrown at [D:\src\AOSP-openjdk-cygwin\jdk8u\hotspot\src\share\vm\prims\jni.cpp, line 1613]
Event: 2.487 Thread 0x000000001b0ab800 Exception <a 'java/lang/NoSuchMethodError': <clinit>> (0x00000000e033ae40) thrown at [D:\src\AOSP-openjdk-cygwin\jdk8u\hotspot\src\share\vm\prims\jni.cpp, line 1613]
Event: 2.489 Thread 0x000000001b0ab800 Exception <a 'java/lang/NoSuchMethodError': <clinit>> (0x00000000e03430c8) thrown at [D:\src\AOSP-openjdk-cygwin\jdk8u\hotspot\src\share\vm\prims\jni.cpp, line 1613]

Events (10 events):
Event: 3.076 loading class org/gradle/api/internal/file/AbstractFileResolver
Event: 3.076 loading class org/gradle/api/internal/file/AbstractFileResolver done
Event: 3.077 loading class org/gradle/internal/resource/LocalBinaryResource
Event: 3.077 loading class org/gradle/internal/resource/LocalBinaryResource done
Event: 3.077 loading class org/gradle/internal/resource/ReadableContent
Event: 3.077 loading class org/gradle/internal/resource/ReadableContent done
Event: 3.078 loading class org/gradle/api/resources/internal/ReadableResourceInternal
Event: 3.078 loading class org/gradle/api/resources/internal/ReadableResourceInternal done
Event: 3.079 loading class org/gradle/api/resources/ReadableResource
Event: 3.079 loading class org/gradle/api/resources/ReadableResource done


Dynamic libraries:
0x00007ff780b80000 - 0x00007ff780bb1000 	C:\Program Files\Android\Android Studio\jre\bin\java.exe
0x00007ff9f6410000 - 0x00007ff9f65f0000 	C:\WINDOWS\SYSTEM32\ntdll.dll
0x00007ff9f51c0000 - 0x00007ff9f526e000 	C:\WINDOWS\System32\KERNEL32.DLL
0x00007ff9f29e0000 - 0x00007ff9f2c46000 	C:\WINDOWS\System32\KERNELBASE.dll
0x00007ff9f4f90000 - 0x00007ff9f5031000 	C:\WINDOWS\System32\ADVAPI32.dll
0x00007ff9f55a0000 - 0x00007ff9f563d000 	C:\WINDOWS\System32\msvcrt.dll
0x00007ff9f5d50000 - 0x00007ff9f5dab000 	C:\WINDOWS\System32\sechost.dll
0x00007ff9f5fb0000 - 0x00007ff9f60cf000 	C:\WINDOWS\System32\RPCRT4.dll
0x00007ff9f5e20000 - 0x00007ff9f5faf000 	C:\WINDOWS\System32\USER32.dll
0x00007ff9f28c0000 - 0x00007ff9f28e0000 	C:\WINDOWS\System32\win32u.dll
0x00007ff9f38e0000 - 0x00007ff9f3908000 	C:\WINDOWS\System32\GDI32.dll
0x00007ff9f2f20000 - 0x00007ff9f30b3000 	C:\WINDOWS\System32\gdi32full.dll
0x00007ff9f2c50000 - 0x00007ff9f2ceb000 	C:\WINDOWS\System32\msvcp_win.dll
0x00007ff9f28e0000 - 0x00007ff9f29d6000 	C:\WINDOWS\System32\ucrtbase.dll
0x00007ff9e6630000 - 0x00007ff9e6899000 	C:\WINDOWS\WinSxS\amd64_microsoft.windows.common-controls_6595b64144ccf1df_6.0.16299.371_none_15c7d1789365a290\COMCTL32.dll
0x00007ff9f60d0000 - 0x00007ff9f63d8000 	C:\WINDOWS\System32\combase.dll
0x00007ff9f30c0000 - 0x00007ff9f3132000 	C:\WINDOWS\System32\bcryptPrimitives.dll
0x00007ff9f5040000 - 0x00007ff9f506d000 	C:\WINDOWS\System32\IMM32.DLL
0x00000000656a0000 - 0x0000000065772000 	C:\Program Files\Android\Android Studio\jre\jre\bin\msvcr100.dll
0x0000000065780000 - 0x0000000065fbf000 	C:\Program Files\Android\Android Studio\jre\jre\bin\server\jvm.dll
0x00007ff9f4f80000 - 0x00007ff9f4f88000 	C:\WINDOWS\System32\PSAPI.DLL
0x00007ff9dbff0000 - 0x00007ff9dbff9000 	C:\WINDOWS\SYSTEM32\WSOCK32.dll
0x00007ff9f3970000 - 0x00007ff9f39dc000 	C:\WINDOWS\System32\WS2_32.dll
0x00007ff9eefa0000 - 0x00007ff9eefc3000 	C:\WINDOWS\SYSTEM32\WINMM.dll
0x00007ff9eb4c0000 - 0x00007ff9eb4ca000 	C:\WINDOWS\SYSTEM32\VERSION.dll
0x00007ff9eef20000 - 0x00007ff9eef4a000 	C:\WINDOWS\SYSTEM32\WINMMBASE.dll
0x00007ff9f3140000 - 0x00007ff9f318a000 	C:\WINDOWS\System32\cfgmgr32.dll
0x00007ff9daca0000 - 0x00007ff9dacaf000 	C:\Program Files\Android\Android Studio\jre\jre\bin\verify.dll
0x00007ff9c45f0000 - 0x00007ff9c4619000 	C:\Program Files\Android\Android Studio\jre\jre\bin\java.dll
0x00007ff9cded0000 - 0x00007ff9cdee6000 	C:\Program Files\Android\Android Studio\jre\jre\bin\zip.dll
0x00007ff9f39e0000 - 0x00007ff9f4e16000 	C:\WINDOWS\System32\SHELL32.dll
0x00007ff9f5a90000 - 0x00007ff9f5b36000 	C:\WINDOWS\System32\shcore.dll
0x00007ff9f3190000 - 0x00007ff9f38d7000 	C:\WINDOWS\System32\windows.storage.dll
0x00007ff9f3910000 - 0x00007ff9f3961000 	C:\WINDOWS\System32\shlwapi.dll
0x00007ff9f27a0000 - 0x00007ff9f27b1000 	C:\WINDOWS\System32\kernel.appcore.dll
0x00007ff9f27c0000 - 0x00007ff9f280c000 	C:\WINDOWS\System32\powrprof.dll
0x00007ff9f2780000 - 0x00007ff9f279b000 	C:\WINDOWS\System32\profapi.dll
0x00007ff9c4790000 - 0x00007ff9c47aa000 	C:\Program Files\Android\Android Studio\jre\jre\bin\net.dll
0x00007ff9f1ff0000 - 0x00007ff9f2056000 	C:\WINDOWS\system32\mswsock.dll
0x00007ff9c1920000 - 0x00007ff9c1931000 	C:\Program Files\Android\Android Studio\jre\jre\bin\nio.dll
0x00007ff9bfa00000 - 0x00007ff9bfa1e000 	C:\Users\krasm\.gradle\native\25\windows-amd64\native-platform.dll
0x00007ff9d0940000 - 0x00007ff9d094d000 	C:\Program Files\Android\Android Studio\jre\jre\bin\management.dll
0x00007ff9f21b0000 - 0x00007ff9f21c7000 	C:\WINDOWS\SYSTEM32\CRYPTSP.dll
0x00007ff9f1bf0000 - 0x00007ff9f1c23000 	C:\WINDOWS\system32\rsaenh.dll
0x00007ff9f22c0000 - 0x00007ff9f22e5000 	C:\WINDOWS\SYSTEM32\bcrypt.dll
0x00007ff9f2690000 - 0x00007ff9f26b9000 	C:\WINDOWS\SYSTEM32\USERENV.dll
0x00007ff9f21d0000 - 0x00007ff9f21db000 	C:\WINDOWS\SYSTEM32\CRYPTBASE.dll
0x00007ff9f1d80000 - 0x00007ff9f1db9000 	C:\WINDOWS\SYSTEM32\IPHLPAPI.DLL
0x00007ff9f4ef0000 - 0x00007ff9f4ef8000 	C:\WINDOWS\System32\NSI.dll
0x00007ff9eb9c0000 - 0x00007ff9eb9d6000 	C:\WINDOWS\SYSTEM32\dhcpcsvc6.DLL
0x00007ff9ebb60000 - 0x00007ff9ebb7a000 	C:\WINDOWS\SYSTEM32\dhcpcsvc.DLL

VM Arguments:
jvm_args: -Xmx1536m -Dfile.encoding=windows-1251 -Duser.country=RU -Duser.language=ru -Duser.variant 
java_command: org.gradle.launcher.daemon.bootstrap.GradleDaemon 4.4
java_class_path (initial): C:\Users\krasm\.gradle\wrapper\dists\gradle-4.4-all\9br9xq1tocpiv8o6njlyu5op1\gradle-4.4\lib\gradle-launcher-4.4.jar
Launcher Type: SUN_STANDARD

Environment Variables:
PATH=C:\ProgramData\Oracle\Java\javapath;C:\Oracle\product\11.2.0\dbhome_1\bin;C:\Windows\system32;C:\Windows;C:\Windows\System32\Wbem;C:\Windows\System32\WindowsPowerShell\v1.0\;C:\Program Files (x86)\NVIDIA Corporation\PhysX\Common;C:\Program Files\Intel\WiFi\bin\;C:\Program Files\Common Files\Intel\WirelessCommon\;C:\Program Files\dotnet\;C:\Program Files\Git\cmd;C:\Program Files (x86)\Common Files\Acronis\SnapAPI\;C:\WINDOWS\system32;C:\WINDOWS;C:\WINDOWS\System32\Wbem;C:\WINDOWS\System32\WindowsPowerShell\v1.0\;C:\Program Files\Microsoft SQL Server\Client SDK\ODBC\130\Tools\Binn\;C:\Program Files (x86)\Microsoft SQL Server\140\Tools\Binn\;C:\Program Files\Microsoft SQL Server\140\Tools\Binn\;C:\Program Files\Microsoft SQL Server\140\DTS\Binn\;C:\Program Files (x86)\Microsoft SQL Server\Client SDK\ODBC\130\Tools\Binn\;C:\Program Files (x86)\Microsoft SQL Server\140\DTS\Binn\;C:\Program Files (x86)\Microsoft SQL Server\140\Tools\Binn\ManagementStudio\;%HADOOP_HOME%\bin;%SPARK_HOME%\bin;C:\Users\krasm\AppData\Local\Programs\Python\Python36-32\Scripts\;C:\Users\krasm\AppData\Local\Programs\Python\Python36-32\;C:\Users\krasm\AppData\Local\Microsoft\WindowsApps;C:\Program Files\Intel\WiFi\bin\;C:\Program Files\Common Files\Intel\WirelessCommon\;C:\Program Files\Heroku\bin;C:\Users\krasm\AppData\Local\Microsoft\WindowsApps;
USERNAME=krasm
OS=Windows_NT
PROCESSOR_IDENTIFIER=Intel64 Family 6 Model 78 Stepping 3, GenuineIntel



---------------  S Y S T E M  ---------------

OS: Windows 10.0 , 64 bit Build 16299 (10.0.16299.15)

CPU:total 4 (initial active 4) (2 cores per cpu, 2 threads per core) family 6 model 78 stepping 3, cmov, cx8, fxsr, mmx, sse, sse2, sse3, ssse3, sse4.1, sse4.2, popcnt, avx, avx2, aes, clmul, erms, 3dnowpref, lzcnt, ht, tsc, tscinvbit, bmi1, bmi2, adx

Memory: 4k page, physical 8259484k(2154832k free), swap 8259484k(5572k free)

vm_info: OpenJDK 64-Bit Server VM (25.152-b02) for windows-amd64 JRE (1.8.0_152-release-1024-b02), built by "builder" with MS VC++ 10.0 (VS2010)

time: Sat Apr 21 08:13:30 2018
elapsed time: 3 seconds (0d 0h 0m 3s)

